🤖 Automated Bug Fixer starting...

🐛 Processing bug: recWOb2YnrFANDR5S
   Priority: High
   Page: Role Managment
   Feedback: Role Management Deep Dive: The role system has no observable server-side enforcement. All API endpoi...

📊 Decision: architectural
   Reason: Requires comprehensive auth middleware and per-route permission checks

📄 Report written: 2026-03-26T07-57-22-571Z_recWOb2YnrFANDR5S.md
⏭️  Skipping recWOb2YnrFANDR5S (architectural)
   This bug requires manual intervention or architectural planning.

📊 Remaining unfixed bugs: 21
   High: 1
   Medium: 13
   Low: 7
🤖 Automated Bug Fixer starting...

🐛 Processing bug: recWOb2YnrFANDR5S
   Priority: High
   Page: Role Managment
   Feedback: Role Management Deep Dive: The role system has no observable server-side enforcement. All API endpoi...

📊 Decision: architectural
   Reason: Requires comprehensive auth middleware and per-route permission checks

📄 Report written: 2026-03-26T08-00-03-071Z_recWOb2YnrFANDR5S.md
⏭️  Skipping recWOb2YnrFANDR5S (architectural)
   This bug requires manual intervention or architectural planning.

📊 Remaining unfixed bugs: 21
   High: 1
   Medium: 13
   Low: 7
🤖 Automated Bug Fixer starting...

🐛 Processing bug: recWOb2YnrFANDR5S
   Priority: High
   Page: Role Managment
   Feedback: Role Management Deep Dive: The role system has no observable server-side enforcement. All API endpoi...

📊 Decision: architectural
   Reason: Requires comprehensive auth middleware and per-route permission checks

📄 Report written: 2026-03-26T08-30-06-540Z_recWOb2YnrFANDR5S.md
⏭️  Skipping recWOb2YnrFANDR5S (architectural)
   This bug requires manual intervention or architectural planning.

📊 Remaining unfixed bugs: 21
   High: 1
   Medium: 13
   Low: 7
🤖 Automated Bug Fixer starting...

🐛 Processing bug: recWOb2YnrFANDR5S
   Priority: High
   Page: Role Managment
   Feedback: Role Management Deep Dive: The role system has no observable server-side enforcement. All API endpoi...

📊 Decision: architectural
   Reason: Requires comprehensive auth middleware and per-route permission checks

📄 Report written: 2026-03-26T09-00-19-420Z_recWOb2YnrFANDR5S.md
⏭️  Skipping recWOb2YnrFANDR5S (architectural)
   This bug requires manual intervention or architectural planning.

📊 Remaining unfixed bugs: 21
   High: 1
   Medium: 13
   Low: 7
🤖 Automated Bug Fixer starting...

🐛 Processing bug: recWOb2YnrFANDR5S
   Priority: High
   Page: Role Managment
   Feedback: Role Management Deep Dive: The role system has no observable server-side enforcement. All API endpoi...

📊 Decision: architectural
   Reason: Requires comprehensive auth middleware and per-route permission checks

📄 Report written: 2026-03-26T09-30-17-160Z_recWOb2YnrFANDR5S.md
⏭️  Skipping recWOb2YnrFANDR5S (architectural)
   This bug requires manual intervention or architectural planning.

📊 Remaining unfixed bugs: 21
   High: 1
   Medium: 13
   Low: 7
🤖 Automated Bug Fixer starting...

🐛 Processing bug: recWOb2YnrFANDR5S
   Priority: High
   Page: Role Managment
   Feedback: Role Management Deep Dive: The role system has no observable server-side enforcement. All API endpoi...

📊 Decision: architectural
   Reason: Requires comprehensive auth middleware and per-route permission checks

📄 Report written: 2026-03-26T10-00-23-265Z_recWOb2YnrFANDR5S.md
⏭️  Skipping recWOb2YnrFANDR5S (architectural)
   This bug requires manual intervention or architectural planning.

📊 Remaining unfixed bugs: 21
   High: 1
   Medium: 13
   Low: 7
🤖 Automated Bug Fixer starting...

🐛 Processing bug: recWOb2YnrFANDR5S
   Priority: High
   Page: Role Managment
   Feedback: Role Management Deep Dive: The role system has no observable server-side enforcement. All API endpoi...

📊 Decision: architectural
   Reason: Requires comprehensive auth middleware and per-route permission checks

📄 Report written: 2026-03-26T10-30-15-878Z_recWOb2YnrFANDR5S.md
⏭️  Skipping recWOb2YnrFANDR5S (architectural)
   This bug requires manual intervention or architectural planning.

📊 Remaining unfixed bugs: 21
   High: 1
   Medium: 13
   Low: 7
🤖 Automated Bug Fixer starting...

🐛 Processing bug: recWOb2YnrFANDR5S
   Priority: High
   Page: Role Managment
   Feedback: Role Management Deep Dive: The role system has no observable server-side enforcement. All API endpoi...

📊 Decision: architectural
   Reason: Requires comprehensive auth middleware and per-route permission checks

📄 Report written: 2026-03-26T11-00-17-134Z_recWOb2YnrFANDR5S.md
⏭️  Skipping recWOb2YnrFANDR5S (architectural)
   This bug requires manual intervention or architectural planning.

📊 Remaining unfixed bugs: 20
   High: 1
   Medium: 12
   Low: 7
🤖 Automated Bug Fixer starting...

🐛 Processing bug: recWOb2YnrFANDR5S
   Priority: High
   Page: Role Managment
   Feedback: Role Management Deep Dive: The role system has no observable server-side enforcement. All API endpoi...

📊 Decision: architectural
   Reason: Requires comprehensive auth middleware and per-route permission checks

📄 Report written: 2026-03-26T11-30-15-665Z_recWOb2YnrFANDR5S.md
⏭️  Skipping recWOb2YnrFANDR5S (architectural)
   This bug requires manual intervention or architectural planning.

📊 Remaining unfixed bugs: 20
   High: 1
   Medium: 12
   Low: 7
🤖 Automated Bug Fixer starting...

🐛 Processing bug: recWOb2YnrFANDR5S
   Priority: High
   Page: Role Managment
   Feedback: Role Management Deep Dive: The role system has no observable server-side enforcement. All API endpoi...

📊 Decision: architectural
   Reason: Requires comprehensive auth middleware and per-route permission checks

📄 Report written: 2026-03-26T12-00-20-230Z_recWOb2YnrFANDR5S.md
⏭️  Skipping recWOb2YnrFANDR5S (architectural)
   This bug requires manual intervention or architectural planning.

📊 Remaining unfixed bugs: 19
   High: 1
   Medium: 11
   Low: 7
🤖 Automated Bug Fixer starting...

🐛 Processing bug: recWOb2YnrFANDR5S
   Priority: High
   Page: Role Managment
   Feedback: Role Management Deep Dive: The role system has no observable server-side enforcement. All API endpoi...

📊 Decision: architectural
   Reason: Requires comprehensive auth middleware and per-route permission checks

📄 Report written: 2026-03-26T12-30-15-307Z_recWOb2YnrFANDR5S.md
⏭️  Skipping recWOb2YnrFANDR5S (architectural)
   This bug requires manual intervention or architectural planning.

📊 Remaining unfixed bugs: 18
   High: 1
   Medium: 10
   Low: 7
🤖 Automated Bug Fixer starting...

🐛 Processing bug: recWOb2YnrFANDR5S
   Priority: High
   Page: Role Managment
   Feedback: Role Management Deep Dive: The role system has no observable server-side enforcement. All API endpoi...

📊 Decision: architectural
   Reason: Requires comprehensive auth middleware and per-route permission checks

📄 Report written: 2026-03-26T13-00-07-688Z_recWOb2YnrFANDR5S.md
⏭️  Skipping recWOb2YnrFANDR5S (architectural)
   This bug requires manual intervention or architectural planning.

📊 Remaining unfixed bugs: 18
   High: 1
   Medium: 10
   Low: 7
🤖 Automated Bug Fixer starting...

🐛 Processing bug: recWOb2YnrFANDR5S
   Priority: High
   Page: Role Managment
   Feedback: Role Management Deep Dive: The role system has no observable server-side enforcement. All API endpoi...

📊 Decision: architectural
   Reason: Requires comprehensive auth middleware and per-route permission checks

📄 Report written: 2026-03-26T13-30-08-366Z_recWOb2YnrFANDR5S.md
⏭️  Skipping recWOb2YnrFANDR5S (architectural)
   This bug requires manual intervention or architectural planning.

📊 Remaining unfixed bugs: 18
   High: 1
   Medium: 10
   Low: 7
🤖 Automated Bug Fixer starting...

🐛 Processing bug: recWOb2YnrFANDR5S
   Priority: High
   Page: Role Managment
   Feedback: Role Management Deep Dive: The role system has no observable server-side enforcement. All API endpoi...

📊 Decision: architectural
   Reason: Requires comprehensive auth middleware and per-route permission checks

📄 Report written: 2026-03-26T14-00-21-028Z_recWOb2YnrFANDR5S.md
⏭️  Skipping recWOb2YnrFANDR5S (architectural)
   This bug requires manual intervention or architectural planning.

📊 Remaining unfixed bugs: 18
   High: 1
   Medium: 10
   Low: 7
🤖 Automated Bug Fixer starting...

🐛 Processing bug: recWOb2YnrFANDR5S
   Priority: High
   Page: Role Managment
   Feedback: Role Management Deep Dive: The role system has no observable server-side enforcement. All API endpoi...

📊 Decision: architectural
   Reason: Requires comprehensive auth middleware and per-route permission checks

📄 Report written: 2026-03-26T14-30-08-021Z_recWOb2YnrFANDR5S.md
⏭️  Skipping recWOb2YnrFANDR5S (architectural)
   This bug requires manual intervention or architectural planning.

📊 Remaining unfixed bugs: 18
   High: 1
   Medium: 10
   Low: 7
🤖 Automated Bug Fixer starting...

🐛 Processing bug: recWOb2YnrFANDR5S
   Priority: High
   Page: Role Managment
   Feedback: Role Management Deep Dive: The role system has no observable server-side enforcement. All API endpoi...

📊 Decision: architectural
   Reason: Requires comprehensive auth middleware and per-route permission checks

📄 Report written: 2026-03-26T15-00-16-880Z_recWOb2YnrFANDR5S.md
⏭️  Skipping recWOb2YnrFANDR5S (architectural)
   This bug requires manual intervention or architectural planning.

📊 Remaining unfixed bugs: 18
   High: 1
   Medium: 10
   Low: 7
🤖 Automated Bug Fixer starting...

🐛 Processing bug: recWOb2YnrFANDR5S
   Priority: High
   Page: Role Managment
   Feedback: Role Management Deep Dive: The role system has no observable server-side enforcement. All API endpoi...

📊 Decision: architectural
   Reason: Requires comprehensive auth middleware and per-route permission checks

📄 Report written: 2026-03-26T15-30-08-870Z_recWOb2YnrFANDR5S.md
⏭️  Skipping recWOb2YnrFANDR5S (architectural)
   This bug requires manual intervention or architectural planning.

📊 Remaining unfixed bugs: 17
   High: 1
   Medium: 9
   Low: 7
🤖 Automated Bug Fixer starting...

🐛 Processing bug: recWOb2YnrFANDR5S
   Priority: High
   Page: Role Managment
   Feedback: Role Management Deep Dive: The role system has no observable server-side enforcement. All API endpoi...

📊 Decision: architectural
   Reason: Requires comprehensive auth middleware and per-route permission checks

📄 Report written: 2026-03-26T16-00-16-786Z_recWOb2YnrFANDR5S.md
⏭️  Skipping recWOb2YnrFANDR5S (architectural)
   This bug requires manual intervention or architectural planning.

📊 Remaining unfixed bugs: 17
   High: 1
   Medium: 9
   Low: 7
🤖 Automated Bug Fixer starting...

🐛 Processing bug: reccATuSBzAZvjtg4
   Priority: Medium
   Page: Calendar
   Feedback: No ARIA live regions exist for toast notifications or dynamic content updates. When staff are added/...

📊 Decision: skip
   Reason: Requires manual code analysis and custom fix

📄 Report written: 2026-03-26T16-15-32-348Z_reccATuSBzAZvjtg4.md
⏭️  Skipping reccATuSBzAZvjtg4 (skip)
   This bug requires manual intervention or architectural planning.

📊 Remaining unfixed bugs: 17
   High: 1
   Medium: 9
   Low: 7
=== Bug Fixer Run: Thu Mar 26 12:30:05 EDT 2026 ===
🤖 Automated Bug Fixer v2 starting...

🐛 Processing bug: recA39Nz2IolzR7Yk
   Priority: Low
   Page: Staff/Venues
   Category: AUTO_FIXABLE
   Feedback: Text fields (e.g., Staff First Name) accept 256+ characters with no max-length restriction. Very lon...

🔧 Attempting to fix recA39Nz2IolzR7Yk...
❌ Fix attempt failed: No inputs found without maxLength
📄 Report written: 2026-03-26T16-30-07-431Z_recA39Nz2IolzR7Yk.md

❌ Failed to fix recA39Nz2IolzR7Yk (attempt 2/3)
📊 Dashboard updated

📊 Remaining fixable bugs: 15
   High: 0
   Medium: 9
   Low: 6

=== Bug Fixer Run: Thu Mar 26 13:00:05 EDT 2026 ===
🤖 Automated Bug Fixer v2 starting...

🐛 Processing bug: recA39Nz2IolzR7Yk
   Priority: Low
   Page: Staff/Venues
   Category: AUTO_FIXABLE
   Feedback: Text fields (e.g., Staff First Name) accept 256+ characters with no max-length restriction. Very lon...

⏭️  Skipping recA39Nz2IolzR7Yk: Max attempts (3) reached
📄 Report written: 2026-03-26T17-00-06-963Z_recA39Nz2IolzR7Yk.md
📊 Dashboard updated

=== Bug Fixer Run: Thu Mar 26 13:30:04 EDT 2026 ===
🤖 Automated Bug Fixer v2 starting...

🐛 Processing bug: recA39Nz2IolzR7Yk
   Priority: Low
   Page: Staff/Venues
   Category: AUTO_FIXABLE
   Feedback: Text fields (e.g., Staff First Name) accept 256+ characters with no max-length restriction. Very lon...

🔧 Attempting to fix recA39Nz2IolzR7Yk...
❌ Fix attempt failed: No inputs found without maxLength
📄 Report written: 2026-03-26T17-30-06-395Z_recA39Nz2IolzR7Yk.md

❌ Failed to fix recA39Nz2IolzR7Yk (attempt 1/3)
📊 Dashboard updated

📊 Remaining fixable bugs: 13
   High: 0
   Medium: 7
   Low: 6

=== Bug Fixer Run: Thu Mar 26 14:00:05 EDT 2026 ===
🤖 Automated Bug Fixer v2 starting...

⚠️  Detected stuck state, clearing...
🐛 Processing bug: recA39Nz2IolzR7Yk
   Priority: Low
   Page: Staff/Venues
   Category: AUTO_FIXABLE
   Feedback: Text fields (e.g., Staff First Name) accept 256+ characters with no max-length restriction. Very lon...

🔧 Attempting to fix recA39Nz2IolzR7Yk...
❌ Fix attempt failed: No inputs found without maxLength
📄 Report written: 2026-03-26T18-00-09-235Z_recA39Nz2IolzR7Yk.md

❌ Failed to fix recA39Nz2IolzR7Yk (attempt 1/3)
📊 Dashboard updated

📊 Remaining fixable bugs: 12
   High: 0
   Medium: 6
   Low: 6

